#
# A fatal error has been detected by the Java Runtime Environment:
#
#  Internal Error (jvmciRuntime.cpp:1255), pid=16720, tid=24212
#  fatal error: JNI_CreateJavaVM failed with return value -4
#
# JRE version: OpenJDK Runtime Environment GraalVM CE 22.3.1 (17.0.6+10) (build 17.0.6+10-jvmci-22.3-b13)
# Java VM: OpenJDK 64-Bit Server VM GraalVM CE 22.3.1 (17.0.6+10-jvmci-22.3-b13, mixed mode, sharing, tiered, jvmci, jvmci compiler, compressed oops, compressed class ptrs, g1 gc, windows-amd64)
# No core dump will be written. Minidumps are not enabled by default on client versions of Windows
#
# If you would like to submit a bug report, please visit:
#   https://github.com/oracle/graal/issues
#

---------------  S U M M A R Y ------------

Command Line: -XX:ThreadPriorityPolicy=1 -XX:+UnlockExperimentalVMOptions -XX:+EnableJVMCIProduct -XX:JVMCIThreadsPerNativeLibraryRuntime=1 -XX:-UnlockExperimentalVMOptions -Xmx64m -Xms64m -Dorg.gradle.appname=gradlew org.gradle.wrapper.GradleWrapperMain nativeCompile

Host: AMD Ryzen 7 5700U with Radeon Graphics         , 16 cores, 15G,  Windows 11 , 64 bit Build 22621 (10.0.22621.1485)
Time: Mon May  8 01:21:42 2023 India Standard Time elapsed time: 98.677988 seconds (0d 0h 1m 38s)

---------------  T H R E A D  ---------------

Current thread (0x0000025066c1faa0):  JavaThread "JVMCI-native CompilerThread0" daemon [_thread_in_vm, id=24212, stack(0x000000e414600000,0x000000e414700000)]


Current CompileTask:
JVMCI-native:  98678 1695       4       org.gradle.internal.logging.text.AbstractLineChoppingStyledTextOutput$SeenFromEol::all (18 bytes)

Stack: [0x000000e414600000,0x000000e414700000]
Native frames: (J=compiled Java code, j=interpreted, Vv=VM code, C=native code)
V  [jvm.dll+0x6674ca]
V  [jvm.dll+0x7c7bae]
V  [jvm.dll+0x7c94fe]
V  [jvm.dll+0x24351f]
V  [jvm.dll+0x4aee29]
V  [jvm.dll+0x498472]
V  [jvm.dll+0x4931c2]
V  [jvm.dll+0x224f91]
V  [jvm.dll+0x2235d8]
V  [jvm.dll+0x77d7cc]
V  [jvm.dll+0x777d0a]
V  [jvm.dll+0x666375]
C  [ucrtbase.dll+0x29363]
C  [KERNEL32.DLL+0x1269d]
C  [ntdll.dll+0x5a9f8]


---------------  P R O C E S S  ---------------

Threads class SMR info:
_java_thread_list=0x000002506d91d660, length=15, elements={
0x000002504a7c2ec0, 0x0000025066c03f50, 0x0000025066c04820, 0x0000025066c18ad0,
0x0000025066c1b8a0, 0x0000025066c1c260, 0x0000025066c1cc20, 0x0000025066c1faa0,
0x0000025066c21480, 0x0000025066c21d90, 0x000002506784ffe0, 0x00000250678bd8f0,
0x000002506d7cfa00, 0x000002506d92c9f0, 0x000002506d92ced0
}

Java Threads: ( => current thread )
  0x000002504a7c2ec0 JavaThread "main" [_thread_in_native, id=9696, stack(0x000000e413900000,0x000000e413a00000)]
  0x0000025066c03f50 JavaThread "Reference Handler" daemon [_thread_blocked, id=11104, stack(0x000000e414000000,0x000000e414100000)]
  0x0000025066c04820 JavaThread "Finalizer" daemon [_thread_blocked, id=30644, stack(0x000000e414100000,0x000000e414200000)]
  0x0000025066c18ad0 JavaThread "Signal Dispatcher" daemon [_thread_blocked, id=23232, stack(0x000000e414200000,0x000000e414300000)]
  0x0000025066c1b8a0 JavaThread "Attach Listener" daemon [_thread_blocked, id=26776, stack(0x000000e414300000,0x000000e414400000)]
  0x0000025066c1c260 JavaThread "Service Thread" daemon [_thread_blocked, id=26744, stack(0x000000e414400000,0x000000e414500000)]
  0x0000025066c1cc20 JavaThread "Monitor Deflation Thread" daemon [_thread_blocked, id=28024, stack(0x000000e414500000,0x000000e414600000)]
=>0x0000025066c1faa0 JavaThread "JVMCI-native CompilerThread0" daemon [_thread_in_vm, id=24212, stack(0x000000e414600000,0x000000e414700000)]
  0x0000025066c21480 JavaThread "C1 CompilerThread0" daemon [_thread_blocked, id=16028, stack(0x000000e414700000,0x000000e414800000)]
  0x0000025066c21d90 JavaThread "Sweeper thread" daemon [_thread_blocked, id=28540, stack(0x000000e414800000,0x000000e414900000)]
  0x000002506784ffe0 JavaThread "Common-Cleaner" daemon [_thread_blocked, id=2580, stack(0x000000e414a00000,0x000000e414b00000)]
  0x00000250678bd8f0 JavaThread "Notification Thread" daemon [_thread_blocked, id=12992, stack(0x000000e414d00000,0x000000e414e00000)]
  0x000002506d7cfa00 JavaThread "pool-1-thread-1" [_thread_blocked, id=16872, stack(0x000000e415500000,0x000000e415600000)]
  0x000002506d92c9f0 JavaThread "DisconnectableInputStream source reader" daemon [_thread_in_native, id=18068, stack(0x000000e415600000,0x000000e415700000)]
  0x000002506d92ced0 JavaThread "Forward input" [_thread_blocked, id=24968, stack(0x000000e415700000,0x000000e415800000)]

Other Threads:
  0x000002504a87dd90 VMThread "VM Thread" [stack: 0x000000e413f00000,0x000000e414000000] [id=18388]
  0x00000250678bf2a0 WatcherThread [stack: 0x000000e414e00000,0x000000e414f00000] [id=23248]
  0x000002504a7e40b0 GCTaskThread "GC Thread#0" [stack: 0x000000e413a00000,0x000000e413b00000] [id=22760]
  0x000002506d75c300 GCTaskThread "GC Thread#1" [stack: 0x000000e415000000,0x000000e415100000] [id=30380]
  0x000002506d771430 GCTaskThread "GC Thread#2" [stack: 0x000000e415100000,0x000000e415200000] [id=27292]
  0x000002506d787560 GCTaskThread "GC Thread#3" [stack: 0x000000e415200000,0x000000e415300000] [id=14648]
  0x000002506d787c20 GCTaskThread "GC Thread#4" [stack: 0x000000e415300000,0x000000e415400000] [id=25620]
  0x000002506d7886e0 GCTaskThread "GC Thread#5" [stack: 0x000000e415400000,0x000000e415500000] [id=796]
  0x000002504a7e73e0 ConcurrentGCThread "G1 Main Marker" [stack: 0x000000e413b00000,0x000000e413c00000] [id=25056]
  0x000002504a7e7f50 ConcurrentGCThread "G1 Conc#0" [stack: 0x000000e413c00000,0x000000e413d00000] [id=30392]
  0x000002504a8615e0 ConcurrentGCThread "G1 Refine#0" [stack: 0x000000e413d00000,0x000000e413e00000] [id=7088]
  0x000002504a862000 ConcurrentGCThread "G1 Service" [stack: 0x000000e413e00000,0x000000e413f00000] [id=29584]

Threads with active compile tasks:
JVMCI-native CompilerThread0    98694 1695       4       org.gradle.internal.logging.text.AbstractLineChoppingStyledTextOutput$SeenFromEol::all (18 bytes)

VM state: not at safepoint (normal execution)

VM Mutex/Monitor currently owned by a thread: None

Heap address: 0x00000000fc000000, size: 64 MB, Compressed Oops mode: 32-bit

CDS archive(s) mapped at: [0x0000000800000000-0x0000000800bc0000-0x0000000800bc0000), size 12320768, SharedBaseAddress: 0x0000000800000000, ArchiveRelocationMode: 0.
Compressed class space mapped at: 0x0000000800c00000-0x0000000840c00000, reserved size: 1073741824
Narrow klass base: 0x0000000800000000, Narrow klass shift: 0, Narrow klass range: 0x100000000

GC Precious Log:
 CPUs: 16 total, 16 available
 Memory: 15720M
 Large Page Support: Disabled
 NUMA Support: Disabled
 Compressed Oops: Enabled (32-bit)
 Heap Region Size: 1M
 Heap Min Capacity: 64M
 Heap Initial Capacity: 64M
 Heap Max Capacity: 64M
 Pre-touch: Disabled
 Parallel Workers: 13
 Concurrent Workers: 3
 Concurrent Refinement Workers: 13
 Periodic GC: Disabled

Heap:
 garbage-first heap   total 65536K, used 27648K [0x00000000fc000000, 0x0000000100000000)
  region size 1024K, 22 young (22528K), 3 survivors (3072K)
 Metaspace       used 9397K, committed 9600K, reserved 1064960K
  class space    used 1184K, committed 1280K, reserved 1048576K

Heap Regions: E=young(eden), S=young(survivor), O=old, HS=humongous(starts), HC=humongous(continues), CS=collection set, F=free, OA=open archive, CA=closed archive, TAMS=top-at-mark-start (previous, next)
|   0|0x00000000fc000000, 0x00000000fc100000, 0x00000000fc100000|100%|HS|  |TAMS 0x00000000fc000000, 0x00000000fc000000| Complete 
|   1|0x00000000fc100000, 0x00000000fc200000, 0x00000000fc200000|100%|HC|  |TAMS 0x00000000fc100000, 0x00000000fc100000| Complete 
|   2|0x00000000fc200000, 0x00000000fc300000, 0x00000000fc300000|100%|HC|  |TAMS 0x00000000fc200000, 0x00000000fc200000| Complete 
|   3|0x00000000fc300000, 0x00000000fc400000, 0x00000000fc400000|100%| O|  |TAMS 0x00000000fc300000, 0x00000000fc300000| Untracked 
|   4|0x00000000fc400000, 0x00000000fc500000, 0x00000000fc500000|100%| O|  |TAMS 0x00000000fc400000, 0x00000000fc400000| Untracked 
|   5|0x00000000fc500000, 0x00000000fc600000, 0x00000000fc600000|100%| O|  |TAMS 0x00000000fc500000, 0x00000000fc500000| Untracked 
|   6|0x00000000fc600000, 0x00000000fc600000, 0x00000000fc700000|  0%| F|  |TAMS 0x00000000fc600000, 0x00000000fc600000| Untracked 
|   7|0x00000000fc700000, 0x00000000fc700000, 0x00000000fc800000|  0%| F|  |TAMS 0x00000000fc700000, 0x00000000fc700000| Untracked 
|   8|0x00000000fc800000, 0x00000000fc800000, 0x00000000fc900000|  0%| F|  |TAMS 0x00000000fc800000, 0x00000000fc800000| Untracked 
|   9|0x00000000fc900000, 0x00000000fc900000, 0x00000000fca00000|  0%| F|  |TAMS 0x00000000fc900000, 0x00000000fc900000| Untracked 
|  10|0x00000000fca00000, 0x00000000fca00000, 0x00000000fcb00000|  0%| F|  |TAMS 0x00000000fca00000, 0x00000000fca00000| Untracked 
|  11|0x00000000fcb00000, 0x00000000fcb00000, 0x00000000fcc00000|  0%| F|  |TAMS 0x00000000fcb00000, 0x00000000fcb00000| Untracked 
|  12|0x00000000fcc00000, 0x00000000fcc00000, 0x00000000fcd00000|  0%| F|  |TAMS 0x00000000fcc00000, 0x00000000fcc00000| Untracked 
|  13|0x00000000fcd00000, 0x00000000fcd00000, 0x00000000fce00000|  0%| F|  |TAMS 0x00000000fcd00000, 0x00000000fcd00000| Untracked 
|  14|0x00000000fce00000, 0x00000000fce00000, 0x00000000fcf00000|  0%| F|  |TAMS 0x00000000fce00000, 0x00000000fce00000| Untracked 
|  15|0x00000000fcf00000, 0x00000000fcf00000, 0x00000000fd000000|  0%| F|  |TAMS 0x00000000fcf00000, 0x00000000fcf00000| Untracked 
|  16|0x00000000fd000000, 0x00000000fd000000, 0x00000000fd100000|  0%| F|  |TAMS 0x00000000fd000000, 0x00000000fd000000| Untracked 
|  17|0x00000000fd100000, 0x00000000fd100000, 0x00000000fd200000|  0%| F|  |TAMS 0x00000000fd100000, 0x00000000fd100000| Untracked 
|  18|0x00000000fd200000, 0x00000000fd200000, 0x00000000fd300000|  0%| F|  |TAMS 0x00000000fd200000, 0x00000000fd200000| Untracked 
|  19|0x00000000fd300000, 0x00000000fd300000, 0x00000000fd400000|  0%| F|  |TAMS 0x00000000fd300000, 0x00000000fd300000| Untracked 
|  20|0x00000000fd400000, 0x00000000fd400000, 0x00000000fd500000|  0%| F|  |TAMS 0x00000000fd400000, 0x00000000fd400000| Untracked 
|  21|0x00000000fd500000, 0x00000000fd500000, 0x00000000fd600000|  0%| F|  |TAMS 0x00000000fd500000, 0x00000000fd500000| Untracked 
|  22|0x00000000fd600000, 0x00000000fd600000, 0x00000000fd700000|  0%| F|  |TAMS 0x00000000fd600000, 0x00000000fd600000| Untracked 
|  23|0x00000000fd700000, 0x00000000fd700000, 0x00000000fd800000|  0%| F|  |TAMS 0x00000000fd700000, 0x00000000fd700000| Untracked 
|  24|0x00000000fd800000, 0x00000000fd800000, 0x00000000fd900000|  0%| F|  |TAMS 0x00000000fd800000, 0x00000000fd800000| Untracked 
|  25|0x00000000fd900000, 0x00000000fd900000, 0x00000000fda00000|  0%| F|  |TAMS 0x00000000fd900000, 0x00000000fd900000| Untracked 
|  26|0x00000000fda00000, 0x00000000fda00000, 0x00000000fdb00000|  0%| F|  |TAMS 0x00000000fda00000, 0x00000000fda00000| Untracked 
|  27|0x00000000fdb00000, 0x00000000fdb00000, 0x00000000fdc00000|  0%| F|  |TAMS 0x00000000fdb00000, 0x00000000fdb00000| Untracked 
|  28|0x00000000fdc00000, 0x00000000fdc00000, 0x00000000fdd00000|  0%| F|  |TAMS 0x00000000fdc00000, 0x00000000fdc00000| Untracked 
|  29|0x00000000fdd00000, 0x00000000fdd00000, 0x00000000fde00000|  0%| F|  |TAMS 0x00000000fdd00000, 0x00000000fdd00000| Untracked 
|  30|0x00000000fde00000, 0x00000000fde00000, 0x00000000fdf00000|  0%| F|  |TAMS 0x00000000fde00000, 0x00000000fde00000| Untracked 
|  31|0x00000000fdf00000, 0x00000000fdf00000, 0x00000000fe000000|  0%| F|  |TAMS 0x00000000fdf00000, 0x00000000fdf00000| Untracked 
|  32|0x00000000fe000000, 0x00000000fe000000, 0x00000000fe100000|  0%| F|  |TAMS 0x00000000fe000000, 0x00000000fe000000| Untracked 
|  33|0x00000000fe100000, 0x00000000fe100000, 0x00000000fe200000|  0%| F|  |TAMS 0x00000000fe100000, 0x00000000fe100000| Untracked 
|  34|0x00000000fe200000, 0x00000000fe200000, 0x00000000fe300000|  0%| F|  |TAMS 0x00000000fe200000, 0x00000000fe200000| Untracked 
|  35|0x00000000fe300000, 0x00000000fe300000, 0x00000000fe400000|  0%| F|  |TAMS 0x00000000fe300000, 0x00000000fe300000| Untracked 
|  36|0x00000000fe400000, 0x00000000fe400000, 0x00000000fe500000|  0%| F|  |TAMS 0x00000000fe400000, 0x00000000fe400000| Untracked 
|  37|0x00000000fe500000, 0x00000000fe500000, 0x00000000fe600000|  0%| F|  |TAMS 0x00000000fe500000, 0x00000000fe500000| Untracked 
|  38|0x00000000fe600000, 0x00000000fe700000, 0x00000000fe700000|100%| S|CS|TAMS 0x00000000fe600000, 0x00000000fe600000| Complete 
|  39|0x00000000fe700000, 0x00000000fe800000, 0x00000000fe800000|100%| S|CS|TAMS 0x00000000fe700000, 0x00000000fe700000| Complete 
|  40|0x00000000fe800000, 0x00000000fe900000, 0x00000000fe900000|100%| S|CS|TAMS 0x00000000fe800000, 0x00000000fe800000| Complete 
|  41|0x00000000fe900000, 0x00000000fe900000, 0x00000000fea00000|  0%| F|  |TAMS 0x00000000fe900000, 0x00000000fe900000| Untracked 
|  42|0x00000000fea00000, 0x00000000fea00000, 0x00000000feb00000|  0%| F|  |TAMS 0x00000000fea00000, 0x00000000fea00000| Untracked 
|  43|0x00000000feb00000, 0x00000000feb00000, 0x00000000fec00000|  0%| F|  |TAMS 0x00000000feb00000, 0x00000000feb00000| Untracked 
|  44|0x00000000fec00000, 0x00000000fec00000, 0x00000000fed00000|  0%| F|  |TAMS 0x00000000fec00000, 0x00000000fec00000| Untracked 
|  45|0x00000000fed00000, 0x00000000fed2f9e8, 0x00000000fee00000| 18%| E|  |TAMS 0x00000000fed00000, 0x00000000fed00000| Complete 
|  46|0x00000000fee00000, 0x00000000fef00000, 0x00000000fef00000|100%| E|CS|TAMS 0x00000000fee00000, 0x00000000fee00000| Complete 
|  47|0x00000000fef00000, 0x00000000ff000000, 0x00000000ff000000|100%| E|CS|TAMS 0x00000000fef00000, 0x00000000fef00000| Complete 
|  48|0x00000000ff000000, 0x00000000ff100000, 0x00000000ff100000|100%| E|CS|TAMS 0x00000000ff000000, 0x00000000ff000000| Complete 
|  49|0x00000000ff100000, 0x00000000ff200000, 0x00000000ff200000|100%| E|CS|TAMS 0x00000000ff100000, 0x00000000ff100000| Complete 
|  50|0x00000000ff200000, 0x00000000ff300000, 0x00000000ff300000|100%| E|CS|TAMS 0x00000000ff200000, 0x00000000ff200000| Complete 
|  51|0x00000000ff300000, 0x00000000ff400000, 0x00000000ff400000|100%| E|CS|TAMS 0x00000000ff300000, 0x00000000ff300000| Complete 
|  52|0x00000000ff400000, 0x00000000ff500000, 0x00000000ff500000|100%| E|CS|TAMS 0x00000000ff400000, 0x00000000ff400000| Complete 
|  53|0x00000000ff500000, 0x00000000ff600000, 0x00000000ff600000|100%| E|CS|TAMS 0x00000000ff500000, 0x00000000ff500000| Complete 
|  54|0x00000000ff600000, 0x00000000ff700000, 0x00000000ff700000|100%| E|CS|TAMS 0x00000000ff600000, 0x00000000ff600000| Complete 
|  55|0x00000000ff700000, 0x00000000ff800000, 0x00000000ff800000|100%| E|CS|TAMS 0x00000000ff700000, 0x00000000ff700000| Complete 
|  56|0x00000000ff800000, 0x00000000ff900000, 0x00000000ff900000|100%| E|CS|TAMS 0x00000000ff800000, 0x00000000ff800000| Complete 
|  57|0x00000000ff900000, 0x00000000ffa00000, 0x00000000ffa00000|100%| E|CS|TAMS 0x00000000ff900000, 0x00000000ff900000| Complete 
|  58|0x00000000ffa00000, 0x00000000ffb00000, 0x00000000ffb00000|100%| E|CS|TAMS 0x00000000ffa00000, 0x00000000ffa00000| Complete 
|  59|0x00000000ffb00000, 0x00000000ffc00000, 0x00000000ffc00000|100%| E|CS|TAMS 0x00000000ffb00000, 0x00000000ffb00000| Complete 
|  60|0x00000000ffc00000, 0x00000000ffd00000, 0x00000000ffd00000|100%| E|CS|TAMS 0x00000000ffc00000, 0x00000000ffc00000| Complete 
|  61|0x00000000ffd00000, 0x00000000ffe00000, 0x00000000ffe00000|100%| E|CS|TAMS 0x00000000ffd00000, 0x00000000ffd00000| Complete 
|  62|0x00000000ffe00000, 0x00000000fff00000, 0x00000000fff00000|100%| E|CS|TAMS 0x00000000ffe00000, 0x00000000ffe00000| Complete 
|  63|0x00000000fff00000, 0x0000000100000000, 0x0000000100000000|100%| E|CS|TAMS 0x00000000fff00000, 0x00000000fff00000| Complete 

Card table byte_map: [0x0000025048760000,0x0000025048780000] _byte_map_base: 0x0000025047f80000

Marking Bits (Prev, Next): (CMBitMap*) 0x000002504a7e46c0, (CMBitMap*) 0x000002504a7e4700
 Prev Bits: [0x0000025063b10000, 0x0000025063c10000)
 Next Bits: [0x0000025063c10000, 0x0000025063d10000)

Polling page: 0x0000025048700000

Metaspace:

Usage:
  Non-class:      8.02 MB used.
      Class:      1.16 MB used.
       Both:      9.18 MB used.

Virtual space:
  Non-class space:       16.00 MB reserved,       8.12 MB ( 51%) committed,  2 nodes.
      Class space:        1.00 GB reserved,       1.25 MB ( <1%) committed,  1 nodes.
             Both:        1.02 GB reserved,       9.38 MB ( <1%) committed. 

Chunk freelists:
   Non-Class:  2.95 MB
       Class:  2.64 MB
        Both:  5.59 MB

MaxMetaspaceSize: unlimited
CompressedClassSpaceSize: 1.00 GB
Initial GC threshold: 21.00 MB
Current GC threshold: 21.00 MB
CDS: on
MetaspaceReclaimPolicy: balanced
 - commit_granule_bytes: 65536.
 - commit_granule_words: 8192.
 - virtual_space_node_default_size: 1048576.
 - enlarge_chunks_in_place: 1.
 - new_chunks_are_fully_committed: 0.
 - uncommit_free_chunks: 1.
 - use_allocation_guard: 0.
 - handle_deallocations: 1.


Internal statistics:

num_allocs_failed_limit: 0.
num_arena_births: 78.
num_arena_deaths: 0.
num_vsnodes_births: 3.
num_vsnodes_deaths: 0.
num_space_committed: 150.
num_space_uncommitted: 0.
num_chunks_returned_to_freelist: 0.
num_chunks_taken_from_freelist: 312.
num_chunk_merges: 0.
num_chunk_splits: 220.
num_chunks_enlarged: 181.
num_purges: 0.
num_inconsistent_stats: 0.

CodeHeap 'non-profiled nmethods': size=117760Kb used=516Kb max_used=516Kb free=117243Kb
 bounds [0x000002505bf70000, 0x000002505c1e0000, 0x0000025063270000]
CodeHeap 'profiled nmethods': size=117760Kb used=3665Kb max_used=3665Kb free=114094Kb
 bounds [0x0000025054270000, 0x0000025054610000, 0x000002505b570000]
CodeHeap 'non-nmethods': size=10240Kb used=1173Kb max_used=2869Kb free=9066Kb
 bounds [0x000002505b570000, 0x000002505b840000, 0x000002505bf70000]
 total_blobs=2170 nmethods=1709 adapters=378
 compilation: enabled
              stopped_count=0, restarted_count=0
 full_count=0

JVMCI Events (20 events):
Event: 82.293 Thread 0x0000025066c1faa0 detaching from JVMCI runtime 1: releasing idle compiler thread (0 other threads still attached)
Event: 82.293 Thread 0x0000025066c1faa0 shutting down HotSpotJVMCIRuntime for JVMCI runtime 1
Event: 82.293 Thread 0x0000025066c1faa0 shut down JVMCI runtime 1
Event: 82.295 Thread 0x0000025066c1faa0 destroyed JavaVM[8]@0x000002506887cb28 for JVMCI runtime 1
Event: 82.295 Thread 0x0000025066c1faa0 compacted oop handles in JVMCI runtime 1 from 52 to 52
Event: 82.295 Thread 0x0000025066c1faa0 releasing handles for JVMCI runtime 1: oop handles=52, metadata handles={total=91, live=80, blocks=13}
Event: 82.295 Thread 0x0000025066c1faa0 detached from JVMCI runtime 1
Event: 90.277 Thread 0x0000025066c1faa0 attached to JVMCI runtime 1
Event: 90.281 Thread 0x0000025066c1faa0 created JavaVM[9]@0x000002506887cb28 for JVMCI runtime 1
Event: 90.281 Thread 0x0000025066c1faa0 initializing JVMCI runtime 1
Event: 90.281 Thread 0x0000025066c1faa0 done waiting for JavaVM references initialization in JVMCI runtime 1
Event: 90.281 Thread 0x0000025066c1faa0 initialized JVMCI runtime 1
Event: 91.310 Thread 0x0000025066c1faa0 detaching from JVMCI runtime 1: releasing idle compiler thread (0 other threads still attached)
Event: 91.310 Thread 0x0000025066c1faa0 shutting down HotSpotJVMCIRuntime for JVMCI runtime 1
Event: 91.311 Thread 0x0000025066c1faa0 shut down JVMCI runtime 1
Event: 91.312 Thread 0x0000025066c1faa0 destroyed JavaVM[9]@0x000002506887cb28 for JVMCI runtime 1
Event: 91.312 Thread 0x0000025066c1faa0 compacted oop handles in JVMCI runtime 1 from 48 to 48
Event: 91.312 Thread 0x0000025066c1faa0 releasing handles for JVMCI runtime 1: oop handles=48, metadata handles={total=87, live=76, blocks=13}
Event: 91.312 Thread 0x0000025066c1faa0 detached from JVMCI runtime 1
Event: 98.675 Thread 0x0000025066c1faa0 attached to JVMCI runtime 1

Compilation events (20 events):
Event: 88.639 Thread 0x0000025066c21480 1684       3       java.lang.reflect.AccessibleObject::checkCanSetAccessible (9 bytes)
Event: 88.639 Thread 0x0000025066c21480 nmethod 1684 0x00000250545f4910 code [0x00000250545f4aa0, 0x00000250545f4be8]
Event: 88.639 Thread 0x0000025066c21480 1685       3       java.lang.reflect.AccessibleObject::checkCanSetAccessible (368 bytes)
Event: 88.645 Thread 0x0000025066c21480 nmethod 1685 0x00000250545f4c90 code [0x00000250545f53c0, 0x00000250545f9548]
Event: 88.645 Thread 0x0000025066c21480 1686       3       java.lang.reflect.AccessibleObject::setAccessible0 (7 bytes)
Event: 88.645 Thread 0x0000025066c21480 nmethod 1686 0x00000250545fa890 code [0x00000250545faa20, 0x00000250545fab38]
Event: 88.654 Thread 0x0000025066c21480 1687       3       java.nio.CharBuffer::hasArray (20 bytes)
Event: 88.655 Thread 0x0000025066c21480 nmethod 1687 0x00000250545fac10 code [0x00000250545fada0, 0x00000250545faf58]
Event: 88.655 Thread 0x0000025066c21480 1688       3       java.nio.ByteBuffer::hasArray (20 bytes)
Event: 88.655 Thread 0x0000025066c21480 nmethod 1688 0x00000250545fb010 code [0x00000250545fb1a0, 0x00000250545fb358]
Event: 88.655 Thread 0x0000025066c21480 1689       3       java.nio.CharBuffer::array (35 bytes)
Event: 88.655 Thread 0x0000025066c21480 nmethod 1689 0x00000250545fb410 code [0x00000250545fb5e0, 0x00000250545fb8b8]
Event: 88.655 Thread 0x0000025066c21480 1690       3       java.nio.charset.CoderResult::isOverflow (14 bytes)
Event: 88.655 Thread 0x0000025066c21480 nmethod 1690 0x00000250545fba10 code [0x00000250545fbba0, 0x00000250545fbd18]
Event: 90.277 Thread 0x0000025066c1faa0 1691       4       java.util.LinkedHashMap$LinkedHashIterator::nextNode (54 bytes)
Event: 90.302 Thread 0x0000025066c1faa0 nmethod 1691 0x000002505bfef710 code [0x000002505bfef880, 0x000002505bfefad0]
Event: 98.674 Thread 0x0000025066c21480 1692       3       org.gradle.internal.logging.text.AbstractLineChoppingStyledTextOutput$1::execute (9 bytes)
Event: 98.674 Thread 0x0000025066c21480 nmethod 1692 0x00000250545fbd90 code [0x00000250545fbf40, 0x00000250545fc2c8]
Event: 98.674 Thread 0x0000025066c21480 1693       3       org.gradle.internal.logging.text.AbstractLineChoppingStyledTextOutput$1::execute (140 bytes)
Event: 98.675 Thread 0x0000025066c1faa0 1695       4       org.gradle.internal.logging.text.AbstractLineChoppingStyledTextOutput$SeenFromEol::all (18 bytes)

GC Heap History (2 events):
Event: 0.469 GC heap before
{Heap before GC invocations=0 (full 0):
 garbage-first heap   total 65536K, used 25600K [0x00000000fc000000, 0x0000000100000000)
  region size 1024K, 23 young (23552K), 0 survivors (0K)
 Metaspace       used 3651K, committed 3840K, reserved 1056768K
  class space    used 413K, committed 512K, reserved 1048576K
}
Event: 0.474 GC heap after
{Heap after GC invocations=1 (full 0):
 garbage-first heap   total 65536K, used 9216K [0x00000000fc000000, 0x0000000100000000)
  region size 1024K, 3 young (3072K), 3 survivors (3072K)
 Metaspace       used 3651K, committed 3840K, reserved 1056768K
  class space    used 413K, committed 512K, reserved 1048576K
}

Dll operation events (13 events):
Event: 0.006 Loaded shared library C:\Apps\graalvm\bin\java.dll
Event: 0.012 Loaded shared library C:\Apps\graalvm\bin\jsvml.dll
Event: 0.059 Loaded shared library C:\Apps\graalvm\bin\jvmcicompiler.dll
Event: 0.064 Loaded shared library C:\Apps\graalvm\bin\net.dll
Event: 0.065 Loaded shared library C:\Apps\graalvm\bin\nio.dll
Event: 0.067 Loaded shared library C:\Apps\graalvm\bin\zip.dll
Event: 0.253 Loaded shared library C:\Apps\graalvm\bin\jimage.dll
Event: 0.315 Loaded shared library C:\Apps\graalvm\bin\verify.dll
Event: 0.515 Loaded shared library C:\Users\DELL\.gradle\native\68d5fa5c4cc2d200863cafc0d521ce42e7d3e7ee720ec0a83991735586a16f82\windows-amd64\native-platform.dll
Event: 0.532 Loaded shared library C:\Users\DELL\.gradle\native\jansi\1.18\windows64\jansi.dll
Event: 0.634 Loaded shared library C:\Apps\graalvm\bin\management.dll
Event: 0.636 Loaded shared library C:\Apps\graalvm\bin\management_ext.dll
Event: 0.896 Loaded shared library C:\Apps\graalvm\bin\sunmscapi.dll

Deoptimization events (20 events):
Event: 0.879 Thread 0x000002504a7c2ec0 DEOPT PACKING pc=0x000002505bfaaea2 sp=0x000000e4139fc530
Event: 0.879 Thread 0x000002504a7c2ec0 DEOPT UNPACKING pc=0x000002505b5c6f45 sp=0x000000e4139fb9f8 mode 3
Event: 0.879 Thread 0x000002504a7c2ec0 Uncommon trap: trap_request=0xffffffed fr.pc=0x000002505bfad522 relative=0x0000000000000482
Event: 0.879 Thread 0x000002504a7c2ec0 Uncommon trap: reason=null_assert_or_unreached0 action=reinterpret pc=0x000002505bfad522 method=java.lang.AbstractStringBuilder.append(Ljava/lang/String;)Ljava/lang/AbstractStringBuilder; @ 0 jvmci
Event: 0.879 Thread 0x000002504a7c2ec0 DEOPT PACKING pc=0x000002505bfad522 sp=0x000000e4139fc4c0
Event: 0.879 Thread 0x000002504a7c2ec0 DEOPT UNPACKING pc=0x000002505b5c6f45 sp=0x000000e4139fb980 mode 3
Event: 72.067 Thread 0x0000025066c1faa0 DEOPT PACKING pc=0x00000250542b9e68 sp=0x000000e4146fe0d0
Event: 72.067 Thread 0x0000025066c1faa0 DEOPT UNPACKING pc=0x000002505b5c6f45 sp=0x000000e4146fd618 mode 0
Event: 98.673 Thread 0x000002506d7cfa00 Uncommon trap: trap_request=0xffffffed fr.pc=0x000002505bfe5e89 relative=0x0000000000000529
Event: 98.673 Thread 0x000002506d7cfa00 Uncommon trap: reason=null_assert_or_unreached0 action=reinterpret pc=0x000002505bfe5e89 method=org.gradle.internal.logging.text.AbstractLineChoppingStyledTextOutput$StateContext.isCurrentCharEquals(C)Z @ 58 jvmci
Event: 98.673 Thread 0x000002506d7cfa00 DEOPT PACKING pc=0x000002505bfe5e89 sp=0x000000e4155fea60
Event: 98.673 Thread 0x000002506d7cfa00 DEOPT UNPACKING pc=0x000002505b5c6f45 sp=0x000000e4155fdd48 mode 3
Event: 98.673 Thread 0x000002506d7cfa00 Uncommon trap: trap_request=0xffffffed fr.pc=0x000002505bfe6e31 relative=0x00000000000004d1
Event: 98.673 Thread 0x000002506d7cfa00 Uncommon trap: reason=null_assert_or_unreached0 action=reinterpret pc=0x000002505bfe6e31 method=org.gradle.internal.logging.text.AbstractLineChoppingStyledTextOutput$StateContext.isCurrentCharEquals(C)Z @ 58 jvmci
Event: 98.673 Thread 0x000002506d7cfa00 DEOPT PACKING pc=0x000002505bfe6e31 sp=0x000000e4155fe660
Event: 98.674 Thread 0x000002506d7cfa00 DEOPT UNPACKING pc=0x000002505b5c6f45 sp=0x000000e4155fd9c0 mode 3
Event: 98.674 Thread 0x000002506d7cfa00 Uncommon trap: trap_request=0xffffffed fr.pc=0x000002505bfe7938 relative=0x0000000000000378
Event: 98.674 Thread 0x000002506d7cfa00 Uncommon trap: reason=null_assert_or_unreached0 action=reinterpret pc=0x000002505bfe7938 method=org.gradle.internal.logging.text.AbstractLineChoppingStyledTextOutput$StateContext.isCurrentCharEquals(C)Z @ 58 jvmci
Event: 98.674 Thread 0x000002506d7cfa00 DEOPT PACKING pc=0x000002505bfe7938 sp=0x000000e4155fe930
Event: 98.674 Thread 0x000002506d7cfa00 DEOPT UNPACKING pc=0x000002505b5c6f45 sp=0x000000e4155fdd50 mode 3

Classes unloaded (0 events):
No events

Classes redefined (0 events):
No events

Internal exceptions (17 events):
Event: 0.144 Thread 0x000002504a7c2ec0 Exception <a 'java/lang/NoSuchMethodError'{0x00000000ffa98428}: 'int java.lang.invoke.DirectMethodHandle$Holder.invokeStaticInit(java.lang.Object, java.lang.Object)'> (0x00000000ffa98428) 
thrown [s\src\hotspot\share\interpreter\linkResolver.cpp, line 759]
Event: 0.457 Thread 0x000002504a7c2ec0 Exception <a 'java/lang/NoSuchMethodError'{0x00000000fe9a9fe0}: 'void java.lang.invoke.DirectMethodHandle$Holder.invokeStatic(java.lang.Object, java.lang.Object)'> (0x00000000fe9a9fe0) 
thrown [s\src\hotspot\share\interpreter\linkResolver.cpp, line 759]
Event: 0.482 Thread 0x000002504a7c2ec0 Exception <a 'java/lang/NoClassDefFoundError'{0x00000000fff2a070}: org/slf4j/impl/StaticMarkerBinder> (0x00000000fff2a070) 
thrown [s\src\hotspot\share\classfile\systemDictionary.cpp, line 245]
Event: 0.495 Thread 0x000002504a7c2ec0 Exception <a 'java/lang/NoSuchMethodError'{0x00000000ffe003a8}: 'java.lang.Object java.lang.invoke.DirectMethodHandle$Holder.invokeVirtual(java.lang.Object, java.lang.Object, java.lang.Object, java.lang.Object, java.lang.Object, java.lang.Object, java.lang.Object)'> (0x00000000ffe003a8) 
thrown [s\src\hotspot\share\interpreter\linkResolver.cpp, line 759]
Event: 0.497 Thread 0x000002504a7c2ec0 Exception <a 'java/lang/NoSuchMethodError'{0x00000000ffe11ec0}: 'java.lang.Object java.lang.invoke.Invokers$Holder.invoker(java.lang.Object, java.lang.Object, java.lang.Object)'> (0x00000000ffe11ec0) 
thrown [s\src\hotspot\share\interpreter\linkResolver.cpp, line 759]
Event: 0.499 Thread 0x000002504a7c2ec0 Exception <a 'java/lang/NoSuchMethodError'{0x00000000ffe1b098}: 'java.lang.Object java.lang.invoke.DirectMethodHandle$Holder.invokeStatic(java.lang.Object, java.lang.Object, int)'> (0x00000000ffe1b098) 
thrown [s\src\hotspot\share\interpreter\linkResolver.cpp, line 759]
Event: 0.501 Thread 0x000002504a7c2ec0 Exception <a 'java/lang/NoSuchMethodError'{0x00000000ffe26d88}: 'void java.lang.invoke.DelegatingMethodHandle$Holder.delegate(java.lang.Object, java.lang.Object, int, java.lang.Object)'> (0x00000000ffe26d88) 
thrown [s\src\hotspot\share\interpreter\linkResolver.cpp, line 759]
Event: 0.502 Thread 0x000002504a7c2ec0 Exception <a 'java/lang/NoSuchMethodError'{0x00000000ffe2aec8}: 'int java.lang.invoke.DirectMethodHandle$Holder.invokeSpecial(java.lang.Object, java.lang.Object, java.lang.Object)'> (0x00000000ffe2aec8) 
thrown [s\src\hotspot\share\interpreter\linkResolver.cpp, line 759]
Event: 0.505 Thread 0x000002504a7c2ec0 Exception <a 'java/lang/NoSuchMethodError'{0x00000000ffe3e010}: 'java.lang.Object java.lang.invoke.Invokers$Holder.invokeExact_MT(java.lang.Object, java.lang.Object, java.lang.Object, java.lang.Object)'> (0x00000000ffe3e010) 
thrown [s\src\hotspot\share\interpreter\linkResolver.cpp, line 759]
Event: 0.605 Thread 0x000002504a7c2ec0 Exception <a 'java/lang/NoSuchMethodError'{0x00000000ff9765e8}: 'void java.lang.invoke.DirectMethodHandle$Holder.invokeSpecial(java.lang.Object, java.lang.Object, java.lang.Object)'> (0x00000000ff9765e8) 
thrown [s\src\hotspot\share\interpreter\linkResolver.cpp, line 759]
Event: 0.615 Thread 0x000002504a7c2ec0 Implicit null exception at 0x000002505bfa60f7 to 0x000002505bfa6639
Event: 0.633 Thread 0x000002504a7c2ec0 Exception <a 'java/lang/NoSuchMethodError'{0x00000000ff8fd940}: 'java.lang.Object java.lang.invoke.DirectMethodHandle$Holder.invokeStaticInit(java.lang.Object)'> (0x00000000ff8fd940) 
thrown [s\src\hotspot\share\interpreter\linkResolver.cpp, line 759]
Event: 0.710 Thread 0x000002504a7c2ec0 Exception <a 'java/lang/NoSuchMethodError'{0x00000000ff37b170}: 'java.lang.Object java.lang.invoke.DirectMethodHandle$Holder.invokeStaticInit(java.lang.Object, int, int, int, int)'> (0x00000000ff37b170) 
thrown [s\src\hotspot\share\interpreter\linkResolver.cpp, line 759]
Event: 0.754 Thread 0x000002504a7c2ec0 Exception <a 'java/lang/NoSuchMethodError'{0x00000000ff3e3578}: 'java.lang.Object java.lang.invoke.DirectMethodHandle$Holder.invokeStaticInit(java.lang.Object, java.lang.Object, int, int, int, int)'> (0x00000000ff3e3578) 
thrown [s\src\hotspot\share\interpreter\linkResolver.cpp, line 759]
Event: 0.867 Thread 0x000002504a7c2ec0 Exception <a 'java/lang/NoSuchMethodError'{0x00000000ff210fb8}: 'void java.lang.invoke.DirectMethodHandle$Holder.invokeStatic(java.lang.Object, java.lang.Object, java.lang.Object)'> (0x00000000ff210fb8) 
thrown [s\src\hotspot\share\interpreter\linkResolver.cpp, line 759]
Event: 0.879 Thread 0x000002504a7c2ec0 Implicit null exception at 0x000002505bfaaa55 to 0x000002505bfaae87
Event: 0.879 Thread 0x000002504a7c2ec0 Implicit null exception at 0x000002505bfad0d5 to 0x000002505bfad507

VM Operations (20 events):
Event: 20.462 Executing VM operation: Cleanup
Event: 20.463 Executing VM operation: Cleanup done
Event: 23.498 Executing VM operation: Cleanup
Event: 23.498 Executing VM operation: Cleanup done
Event: 26.525 Executing VM operation: Cleanup
Event: 26.525 Executing VM operation: Cleanup done
Event: 30.560 Executing VM operation: Cleanup
Event: 30.560 Executing VM operation: Cleanup done
Event: 39.649 Executing VM operation: Cleanup
Event: 39.649 Executing VM operation: Cleanup done
Event: 43.672 Executing VM operation: Cleanup
Event: 43.672 Executing VM operation: Cleanup done
Event: 47.697 Executing VM operation: Cleanup
Event: 47.697 Executing VM operation: Cleanup done
Event: 63.828 Executing VM operation: Cleanup
Event: 63.828 Executing VM operation: Cleanup done
Event: 66.860 Executing VM operation: Cleanup
Event: 66.860 Executing VM operation: Cleanup done
Event: 74.946 Executing VM operation: Cleanup
Event: 74.946 Executing VM operation: Cleanup done

Events (20 events):
Event: 1.315 loading class java/io/Bits done
Event: 2.459 Thread 0x0000025066cdd9e0 Thread exited: 0x0000025066cdd9e0
Event: 2.550 Thread 0x0000025066cdd1d0 Thread exited: 0x0000025066cdd1d0
Event: 3.364 Thread 0x0000025066cc5e10 Thread exited: 0x0000025066cc5e10
Event: 3.369 Thread 0x0000025066cc5d60 Thread added: 0x0000025066cc5d60
Event: 3.369 Thread 0x0000025066cdd120 Thread added: 0x0000025066cdd120
Event: 3.957 Thread 0x0000025066cdd120 Thread exited: 0x0000025066cdd120
Event: 6.157 Thread 0x0000025066cc5d60 Thread exited: 0x0000025066cc5d60
Event: 19.560 Thread 0x000002506793fa60 Thread added: 0x000002506793fa60
Event: 20.308 Thread 0x000002506793fa60 Thread exited: 0x000002506793fa60
Event: 26.162 Thread 0x0000025067940790 Thread added: 0x0000025067940790
Event: 26.164 Thread 0x0000025067b09610 Thread added: 0x0000025067b09610
Event: 27.092 Thread 0x0000025067b09610 Thread exited: 0x0000025067b09610
Event: 28.980 Thread 0x0000025067940790 Thread exited: 0x0000025067940790
Event: 38.965 Thread 0x000002506d8fc6f0 Thread added: 0x000002506d8fc6f0
Event: 38.965 Thread 0x000002506d91d4c0 Thread added: 0x000002506d91d4c0
Event: 42.882 Thread 0x000002506d91d4c0 Thread exited: 0x000002506d91d4c0
Event: 43.652 Thread 0x000002506d8fc6f0 Thread exited: 0x000002506d8fc6f0
Event: 61.964 Thread 0x000002506d8fc6f0 Thread added: 0x000002506d8fc6f0
Event: 64.262 Thread 0x000002506d8fc6f0 Thread exited: 0x000002506d8fc6f0


Dynamic libraries:
0x00007ff6dc720000 - 0x00007ff6dc72e000 	C:\Apps\graalvm\bin\java.exe
0x00007ff8e34d0000 - 0x00007ff8e36e4000 	C:\WINDOWS\SYSTEM32\ntdll.dll
0x00007ff8e2030000 - 0x00007ff8e20f2000 	C:\WINDOWS\System32\KERNEL32.DLL
0x00007ff8e0910000 - 0x00007ff8e0cac000 	C:\WINDOWS\System32\KERNELBASE.dll
0x00007ff8e0cb0000 - 0x00007ff8e0dc1000 	C:\WINDOWS\System32\ucrtbase.dll
0x00007ff8975c0000 - 0x00007ff8975d7000 	C:\Apps\graalvm\bin\jli.dll
0x00007ff8d2b80000 - 0x00007ff8d2b9b000 	C:\Apps\graalvm\bin\VCRUNTIME140.dll
0x00007ff8e27a0000 - 0x00007ff8e294b000 	C:\WINDOWS\System32\USER32.dll
0x00007ff8e0fb0000 - 0x00007ff8e0fd6000 	C:\WINDOWS\System32\win32u.dll
0x00007ff8cc7d0000 - 0x00007ff8cca5e000 	C:\WINDOWS\WinSxS\amd64_microsoft.windows.common-controls_6595b64144ccf1df_6.0.22621.608_none_a9444ca7c10bb01d\COMCTL32.dll
0x00007ff8e1e40000 - 0x00007ff8e1e69000 	C:\WINDOWS\System32\GDI32.dll
0x00007ff8e2a00000 - 0x00007ff8e2aa7000 	C:\WINDOWS\System32\msvcrt.dll
0x00007ff8e0fe0000 - 0x00007ff8e10f3000 	C:\WINDOWS\System32\gdi32full.dll
0x00007ff8e1100000 - 0x00007ff8e119a000 	C:\WINDOWS\System32\msvcp_win.dll
0x00007ff8e2220000 - 0x00007ff8e2251000 	C:\WINDOWS\System32\IMM32.DLL
0x00007ff8d8d80000 - 0x00007ff8d8d8c000 	C:\Apps\graalvm\bin\vcruntime140_1.dll
0x00007ff87d9d0000 - 0x00007ff87da5e000 	C:\Apps\graalvm\bin\msvcp140.dll
0x00007ffff4920000 - 0x00007ffff54ec000 	C:\Apps\graalvm\bin\server\jvm.dll
0x00007ff8e2280000 - 0x00007ff8e232e000 	C:\WINDOWS\System32\ADVAPI32.dll
0x00007ff8e3150000 - 0x00007ff8e31f4000 	C:\WINDOWS\System32\sechost.dll
0x00007ff8e3310000 - 0x00007ff8e3427000 	C:\WINDOWS\System32\RPCRT4.dll
0x00007ff8ca990000 - 0x00007ff8ca999000 	C:\WINDOWS\SYSTEM32\WSOCK32.dll
0x00007ff8e12e0000 - 0x00007ff8e1351000 	C:\WINDOWS\System32\WS2_32.dll
0x00007ff8d60d0000 - 0x00007ff8d60da000 	C:\WINDOWS\SYSTEM32\VERSION.dll
0x00007ff8dd800000 - 0x00007ff8dd834000 	C:\WINDOWS\SYSTEM32\WINMM.dll
0x00007ff8df930000 - 0x00007ff8df948000 	C:\WINDOWS\SYSTEM32\kernel.appcore.dll
0x00007ff8975b0000 - 0x00007ff8975ba000 	C:\Apps\graalvm\bin\jimage.dll
0x00007ff8de210000 - 0x00007ff8de43e000 	C:\WINDOWS\SYSTEM32\DBGHELP.DLL
0x00007ff8e2410000 - 0x00007ff8e2799000 	C:\WINDOWS\System32\combase.dll
0x00007ff8e2330000 - 0x00007ff8e2407000 	C:\WINDOWS\System32\OLEAUT32.dll
0x00007ff8dd790000 - 0x00007ff8dd7c2000 	C:\WINDOWS\SYSTEM32\dbgcore.DLL
0x00007ff8e1260000 - 0x00007ff8e12db000 	C:\WINDOWS\System32\bcryptPrimitives.dll
0x00007ff880080000 - 0x00007ff8800a5000 	C:\Apps\graalvm\bin\java.dll
0x00007ff87d8f0000 - 0x00007ff87d9c7000 	C:\Apps\graalvm\bin\jsvml.dll
0x00007ff8e1640000 - 0x00007ff8e1e30000 	C:\WINDOWS\System32\SHELL32.dll
0x00007ff8de8d0000 - 0x00007ff8df19d000 	C:\WINDOWS\SYSTEM32\windows.storage.dll
0x00007ff8de790000 - 0x00007ff8de8ce000 	C:\WINDOWS\SYSTEM32\wintypes.dll
0x00007ff8e2f40000 - 0x00007ff8e3031000 	C:\WINDOWS\System32\SHCORE.dll
0x00007ff8e3060000 - 0x00007ff8e30be000 	C:\WINDOWS\System32\shlwapi.dll
0x00007ff8e0840000 - 0x00007ff8e0861000 	C:\WINDOWS\SYSTEM32\profapi.dll
0x00007ffff28b0000 - 0x00007ffff4911000 	C:\Apps\graalvm\bin\jvmcicompiler.dll
0x00007ff8df3f0000 - 0x00007ff8df41d000 	C:\WINDOWS\SYSTEM32\IPHLPAPI.DLL
0x00007ff8dff40000 - 0x00007ff8dff68000 	C:\WINDOWS\SYSTEM32\USERENV.dll
0x00007ff8e02b0000 - 0x00007ff8e02de000 	C:\WINDOWS\SYSTEM32\ncrypt.dll
0x00007ff8e0220000 - 0x00007ff8e0257000 	C:\WINDOWS\SYSTEM32\NTASN1.dll
0x00007ff8dfdd0000 - 0x00007ff8dfe39000 	C:\WINDOWS\system32\mswsock.dll
0x00007ff8954e0000 - 0x00007ff8954f9000 	C:\Apps\graalvm\bin\net.dll
0x00007ff8da7f0000 - 0x00007ff8da927000 	C:\WINDOWS\SYSTEM32\WINHTTP.dll
0x00007ff87fc90000 - 0x00007ff87fca6000 	C:\Apps\graalvm\bin\nio.dll
0x00007ff87e170000 - 0x00007ff87e188000 	C:\Apps\graalvm\bin\zip.dll
0x00007ff8975a0000 - 0x00007ff8975b0000 	C:\Apps\graalvm\bin\verify.dll
0x00007ff8d2ae0000 - 0x00007ff8d2b07000 	C:\Users\DELL\.gradle\native\68d5fa5c4cc2d200863cafc0d521ce42e7d3e7ee720ec0a83991735586a16f82\windows-amd64\native-platform.dll
0x00007ff8d8ce0000 - 0x00007ff8d8cea000 	C:\Users\DELL\.gradle\native\jansi\1.18\windows64\jansi.dll
0x00007ff895470000 - 0x00007ff89547a000 	C:\Apps\graalvm\bin\management.dll
0x00007ff893120000 - 0x00007ff89312b000 	C:\Apps\graalvm\bin\management_ext.dll
0x00007ff8e2f30000 - 0x00007ff8e2f38000 	C:\WINDOWS\System32\PSAPI.DLL
0x00007ff8e00a0000 - 0x00007ff8e00bb000 	C:\WINDOWS\SYSTEM32\CRYPTSP.dll
0x00007ff8df8a0000 - 0x00007ff8df8d5000 	C:\WINDOWS\system32\rsaenh.dll
0x00007ff8e02e0000 - 0x00007ff8e0308000 	C:\WINDOWS\SYSTEM32\bcrypt.dll
0x00007ff8e00c0000 - 0x00007ff8e00cc000 	C:\WINDOWS\SYSTEM32\CRYPTBASE.dll
0x00007ff8e1630000 - 0x00007ff8e1639000 	C:\WINDOWS\System32\NSI.dll
0x00007ff8d8470000 - 0x00007ff8d8489000 	C:\WINDOWS\SYSTEM32\dhcpcsvc6.DLL
0x00007ff8d8450000 - 0x00007ff8d846f000 	C:\WINDOWS\SYSTEM32\dhcpcsvc.DLL
0x00007ff8df460000 - 0x00007ff8df553000 	C:\WINDOWS\SYSTEM32\DNSAPI.dll
0x00007ff892da0000 - 0x00007ff892dae000 	C:\Apps\graalvm\bin\sunmscapi.dll
0x00007ff8e0e40000 - 0x00007ff8e0fa6000 	C:\WINDOWS\System32\CRYPT32.dll
0x00007ff8b5a60000 - 0x00007ff8b5a68000 	C:\WINDOWS\system32\wshunix.dll

dbghelp: loaded successfully - version: 4.0.5 - missing functions: none
symbol engine: initialized successfully - sym options: 0x614 - pdb path: .;C:\Apps\graalvm\bin;C:\WINDOWS\SYSTEM32;C:\WINDOWS\WinSxS\amd64_microsoft.windows.common-controls_6595b64144ccf1df_6.0.22621.608_none_a9444ca7c10bb01d;C:\Apps\graalvm\bin\server;C:\Users\DELL\.gradle\native\68d5fa5c4cc2d200863cafc0d521ce42e7d3e7ee720ec0a83991735586a16f82\windows-amd64;C:\Users\DELL\.gradle\native\jansi\1.18\windows64

VM Arguments:
jvm_args: -XX:ThreadPriorityPolicy=1 -XX:+UnlockExperimentalVMOptions -XX:+EnableJVMCIProduct -XX:JVMCIThreadsPerNativeLibraryRuntime=1 -XX:-UnlockExperimentalVMOptions -Xmx64m -Xms64m -Dorg.gradle.appname=gradlew 
java_command: org.gradle.wrapper.GradleWrapperMain nativeCompile
java_class_path (initial): D:\Documents\Prashant\Micronaut\demograalVM\\gradle\wrapper\gradle-wrapper.jar
Launcher Type: SUN_STANDARD

[Global flags]
     intx CICompilerCount                          = 12                                        {product} {ergonomic}
     uint ConcGCThreads                            = 3                                         {product} {ergonomic}
     bool EnableJVMCIProduct                       = true                                {JVMCI product} {jimage}
     uint G1ConcRefinementThreads                  = 13                                        {product} {ergonomic}
   size_t G1HeapRegionSize                         = 1048576                                   {product} {ergonomic}
    uintx GCDrainStackTargetSize                   = 64                                        {product} {ergonomic}
   size_t InitialHeapSize                          = 67108864                                  {product} {command line}
     uint JVMCIThreadsPerNativeLibraryRuntime      = 1                                   {JVMCI product} {jimage}
   size_t MarkStackSize                            = 4194304                                   {product} {ergonomic}
   size_t MaxHeapSize                              = 67108864                                  {product} {command line}
   size_t MaxNewSize                               = 39845888                                  {product} {ergonomic}
   size_t MinHeapDeltaBytes                        = 1048576                                   {product} {ergonomic}
   size_t MinHeapSize                              = 67108864                                  {product} {command line}
    uintx NonNMethodCodeHeapSize                   = 10453100                               {pd product} {ergonomic}
    uintx NonProfiledCodeHeapSize                  = 120602570                              {pd product} {ergonomic}
    uintx ProfiledCodeHeapSize                     = 120602570                              {pd product} {ergonomic}
    uintx ReservedCodeCacheSize                    = 251658240                              {pd product} {ergonomic}
     bool SegmentedCodeCache                       = true                                      {product} {ergonomic}
   size_t SoftMaxHeapSize                          = 67108864                               {manageable} {ergonomic}
     intx ThreadPriorityPolicy                     = 1                                         {product} {jimage}
     bool UseCompressedClassPointers               = true                           {product lp64_product} {ergonomic}
     bool UseCompressedOops                        = true                           {product lp64_product} {ergonomic}
     bool UseG1GC                                  = true                                      {product} {ergonomic}
     bool UseLargePagesIndividualAllocation        = false                                  {pd product} {ergonomic}

Logging:
Log output configuration:
 #0: stdout all=warning uptime,level,tags
 #1: stderr all=off uptime,level,tags

Environment Variables:
JAVA_HOME=C:\Apps\graalvm
CLASSPATH=D:\Documents\Prashant\Micronaut\demograalVM\\gradle\wrapper\gradle-wrapper.jar
PATH=C:\Program Files (x86)\Microsoft Visual Studio\2019\BuildTools\VC\Tools\MSVC\14.29.30133\bin\HostX64\x64;C:\Program Files (x86)\Microsoft Visual Studio\2019\BuildTools\Common7\IDE\VC\VCPackages;C:\Program Files (x86)\Microsoft Visual Studio\2019\BuildTools\Common7\IDE\CommonExtensions\Microsoft\TestWindow;C:\Program Files (x86)\Microsoft Visual Studio\2019\BuildTools\Common7\IDE\CommonExtensions\Microsoft\TeamFoundation\Team Explorer;C:\Program Files (x86)\Microsoft Visual Studio\2019\BuildTools\MSBuild\Current\bin\Roslyn;C:\Program Files (x86)\Microsoft Visual Studio\2019\BuildTools\Common7\Tools\devinit;C:\Program Files (x86)\Windows Kits\10\bin\10.0.19041.0\x64;C:\Program Files (x86)\Windows Kits\10\bin\x64;C:\Program Files (x86)\Microsoft Visual Studio\2019\BuildTools\\MSBuild\Current\Bin;C:\Windows\Microsoft.NET\Framework64\v4.0.30319;C:\Program Files (x86)\Microsoft Visual Studio\2019\BuildTools\Common7\IDE\;C:\Program Files (x86)\Microsoft Visual Studio\2019\BuildTools\Common7\Tools\;C:\Apps\graalvm\bin;C:\Apps\graalvm\bin;C:\Program Files\Common Files\Oracle\Java\javapath;C:\Program Files\AdoptOpenJDK\jre-14.0.2.12-hotspot\bin;C:\WINDOWS\system32;C:\WINDOWS;C:\WINDOWS\System32\Wbem;C:\WINDOWS\System32\WindowsPowerShell\v1.0\;C:\WINDOWS\System32\OpenSSH\;C:\ProgramData\chocolatey\bin;C:\Program Files\nodejs\;C:\Program Files (x86)\Yarn\bin\;C:\Program Files\Microsoft VS Code\bin;C:\Program Files\AdoptOpenJDK\jdk-12.0.1+12\bin;c:\opt\jboss\bin;C:\Program Files\PostgreSQL\13\bin;C:\Program Files\PostgreSQL\14\bin;C:\Program Files\dotnet\;C:\Program Files\Git\cmd;C:\Users\DELL\AppData\Local\Microsoft\WindowsApps;C:\Users\DELL\AppData\Roaming\npm;C:\Users\DELL\AppData\Local\Yarn\bin;C:\Program Files\heroku\bin;C:\Program Files (x86)\Microsoft Visual Studio\2019\BuildTools\VC\Tools\MSVC\14.29.30133\bin\Hostx64\x64;;C:\Program Files\Docker\Docker\resources\bin;C:\Apps\graalvm\bin;C:\Program Files (x86)\Microsoft Visual Studio\2019\BuildTools\VC\Tools\MSVC\14.29.3
USERNAME=DELL
LIBPATH=C:\Program Files (x86)\Microsoft Visual Studio\2019\BuildTools\VC\Tools\MSVC\14.29.30133\lib\x64;C:\Program Files (x86)\Microsoft Visual Studio\2019\BuildTools\VC\Tools\MSVC\14.29.30133\lib\x86\store\references;C:\Program Files (x86)\Windows Kits\10\UnionMetadata\10.0.19041.0;C:\Program Files (x86)\Windows Kits\10\References\10.0.19041.0;C:\Windows\Microsoft.NET\Framework64\v4.0.30319
OS=Windows_NT
PROCESSOR_IDENTIFIER=AMD64 Family 23 Model 104 Stepping 1, AuthenticAMD
TMP=C:\Users\DELL\AppData\Local\Temp
TEMP=C:\Users\DELL\AppData\Local\Temp



---------------  S Y S T E M  ---------------

OS:
 Windows 11 , 64 bit Build 22621 (10.0.22621.1485)
OS uptime: 0 days 11:15 hours
Hyper-V role detected

CPU: total 16 (initial active 16) (16 cores per cpu, 2 threads per core) family 23 model 104 stepping 1 microcode 0x0, cx8, cmov, fxsr, ht, mmx, 3dnowpref, sse, sse2, sse3, ssse3, sse4a, sse4.1, sse4.2, popcnt, lzcnt, tsc, tscinvbit, avx, avx2, aes, clmul, bmi1, bmi2, adx, sha, fma, vzeroupper, clflush, clflushopt, hv

Memory: 4k page, system-wide physical 15720M (659M free)
TotalPageFile size 27334M (AvailPageFile size 10M)
current process WorkingSet (physical memory assigned to process): 94M, peak: 154M
current process commit charge ("private bytes"): 173M, peak: 238M

vm_info: OpenJDK 64-Bit Server VM (17.0.6+10-jvmci-22.3-b13) for windows-amd64 JRE (17.0.6+10-jvmci-22.3-b13), built on Jan 18 2023 13:16:54 by "" with MS VC++ 17.1 (VS2022)

END.
